[0m[32mDownload[0m https://jsr.io/@hono/hono/meta.json
[0m[32mDownload[0m https://jsr.io/@std/yaml/meta.json
[0m[32mDownload[0m https://deno.land/x/marked@1.0.2/mod.ts
[0m[32mDownload[0m https://registry.npmjs.org/hono
[0m[32mDownload[0m https://registry.npmjs.org/marked
[0m[32mDownload[0m https://jsr.io/@hono/hono/4.11.8_meta.json
[0m[32mDownload[0m https://jsr.io/@std/yaml/1.0.11_meta.json
[0m[32mDownload[0m https://jsr.io/@hono/hono/4.11.8/src/index.ts
[0m[32mDownload[0m https://jsr.io/@hono/hono/4.11.8/src/adapter/deno/index.ts
[0m[32mDownload[0m https://jsr.io/@std/yaml/1.0.11/mod.ts
[0m[32mDownload[0m https://jsr.io/@hono/hono/4.11.8/src/hono.ts
[0m[32mDownload[0m https://jsr.io/@hono/hono/4.11.8/src/adapter/deno/serve-static.ts
[0m[32mDownload[0m https://jsr.io/@hono/hono/4.11.8/src/adapter/deno/ssg.ts
[0m[32mDownload[0m https://jsr.io/@hono/hono/4.11.8/src/adapter/deno/websocket.ts
[0m[32mDownload[0m https://jsr.io/@hono/hono/4.11.8/src/adapter/deno/conninfo.ts
[0m[32mDownload[0m https://jsr.io/@std/yaml/1.0.11/parse.ts
[0m[32mDownload[0m https://jsr.io/@std/yaml/1.0.11/stringify.ts
[0m[32mDownload[0m https://jsr.io/@hono/hono/4.11.8/src/hono-base.ts
[0m[32mDownload[0m https://jsr.io/@hono/hono/4.11.8/src/router/reg-exp-router/index.ts
[0m[32mDownload[0m https://jsr.io/@hono/hono/4.11.8/src/router/smart-router/index.ts
[0m[32mDownload[0m https://jsr.io/@hono/hono/4.11.8/src/router/trie-router/index.ts
[0m[32mDownload[0m https://jsr.io/@hono/hono/4.11.8/src/middleware/serve-static/index.ts
[0m[32mDownload[0m https://jsr.io/@hono/hono/4.11.8/src/helper/ssg/index.ts
[0m[32mDownload[0m https://jsr.io/@hono/hono/4.11.8/src/helper/websocket/index.ts
[0m[32mDownload[0m https://jsr.io/@std/yaml/1.0.11/_chars.ts
[0m[32mDownload[0m https://jsr.io/@std/yaml/1.0.11/_loader_state.ts
[0m[32mDownload[0m https://jsr.io/@std/yaml/1.0.11/_schema.ts
[0m[32mDownload[0m https://jsr.io/@std/yaml/1.0.11/_dumper_state.ts
[0m[32mDownload[0m https://jsr.io/@hono/hono/4.11.8/src/compose.ts
[0m[32mDownload[0m https://jsr.io/@hono/hono/4.11.8/src/context.ts
[0m[32mDownload[0m https://jsr.io/@hono/hono/4.11.8/src/router.ts
[0m[32mDownload[0m https://jsr.io/@hono/hono/4.11.8/src/utils/constants.ts
[0m[32mDownload[0m https://jsr.io/@hono/hono/4.11.8/src/utils/url.ts
[0m[32mDownload[0m https://jsr.io/@hono/hono/4.11.8/src/router/reg-exp-router/router.ts
[0m[32mDownload[0m https://jsr.io/@hono/hono/4.11.8/src/router/reg-exp-router/prepared-router.ts
[0m[32mDownload[0m https://jsr.io/@hono/hono/4.11.8/src/router/smart-router/router.ts
[0m[32mDownload[0m https://jsr.io/@hono/hono/4.11.8/src/router/trie-router/router.ts
[0m[32mDownload[0m https://jsr.io/@hono/hono/4.11.8/src/utils/compress.ts
[0m[32mDownload[0m https://jsr.io/@hono/hono/4.11.8/src/utils/mime.ts
[0m[32mDownload[0m https://jsr.io/@hono/hono/4.11.8/src/middleware/serve-static/path.ts
[0m[32mDownload[0m https://jsr.io/@hono/hono/4.11.8/src/helper/ssg/ssg.ts
[0m[32mDownload[0m https://jsr.io/@hono/hono/4.11.8/src/helper/ssg/middleware.ts
[0m[32mDownload[0m https://jsr.io/@std/yaml/1.0.11/_utils.ts
[0m[32mDownload[0m https://jsr.io/@std/yaml/1.0.11/_type/binary.ts
[0m[32mDownload[0m https://jsr.io/@std/yaml/1.0.11/_type/bool.ts
[0m[32mDownload[0m https://jsr.io/@std/yaml/1.0.11/_type/float.ts
[0m[32mDownload[0m https://jsr.io/@std/yaml/1.0.11/_type/int.ts
[0m[32mDownload[0m https://jsr.io/@std/yaml/1.0.11/_type/map.ts
[0m[32mDownload[0m https://jsr.io/@std/yaml/1.0.11/_type/merge.ts
[0m[32mDownload[0m https://jsr.io/@std/yaml/1.0.11/_type/nil.ts
[0m[32mDownload[0m https://jsr.io/@std/yaml/1.0.11/_type/omap.ts
[0m[32mDownload[0m https://jsr.io/@std/yaml/1.0.11/_type/pairs.ts
[0m[32mDownload[0m https://jsr.io/@std/yaml/1.0.11/_type/regexp.ts
[0m[32mDownload[0m https://jsr.io/@std/yaml/1.0.11/_type/seq.ts
[0m[32mDownload[0m https://jsr.io/@std/yaml/1.0.11/_type/set.ts
[0m[32mDownload[0m https://jsr.io/@std/yaml/1.0.11/_type/str.ts
[0m[32mDownload[0m https://jsr.io/@std/yaml/1.0.11/_type/timestamp.ts
[0m[32mDownload[0m https://jsr.io/@std/yaml/1.0.11/_type/undefined.ts
[0m[32mDownload[0m https://jsr.io/@hono/hono/4.11.8/src/request.ts
[0m[32mDownload[0m https://jsr.io/@hono/hono/4.11.8/src/utils/html.ts
[0m[32mDownload[0m https://jsr.io/@hono/hono/4.11.8/src/router/reg-exp-router/matcher.ts
[0m[32mDownload[0m https://jsr.io/@hono/hono/4.11.8/src/router/reg-exp-router/node.ts
[0m[32mDownload[0m https://jsr.io/@hono/hono/4.11.8/src/router/reg-exp-router/trie.ts
[0m[32mDownload[0m https://jsr.io/@hono/hono/4.11.8/src/router/trie-router/node.ts
[0m[32mDownload[0m https://jsr.io/@hono/hono/4.11.8/src/client/utils.ts
[0m[32mDownload[0m https://jsr.io/@hono/hono/4.11.8/src/utils/concurrent.ts
[0m[32mDownload[0m https://jsr.io/@hono/hono/4.11.8/src/helper/ssg/utils.ts
[0m[32mDownload[0m https://jsr.io/@hono/hono/4.11.8/src/http-exception.ts
[0m[32mDownload[0m https://jsr.io/@hono/hono/4.11.8/src/request/constants.ts
[0m[32mDownload[0m https://jsr.io/@hono/hono/4.11.8/src/utils/body.ts
[0m[32mDownload[0m https://jsr.io/@hono/hono/4.11.8/src/client/fetch-result-please.ts
[0m[32mDownload[0m https://jsr.io/@hono/hono/4.11.8/src/utils/handler.ts
[0m[32mDownload[0m https://registry.npmjs.org/hono/-/hono-4.11.8.tgz
[0m[32mDownload[0m https://registry.npmjs.org/sharp/-/sharp-0.33.2.tgz
[0m[32mDownload[0m https://registry.npmjs.org/marked/-/marked-17.0.1.tgz
[0m[32mDownload[0m https://registry.npmjs.org/semver/-/semver-7.7.3.tgz
[0m[32mDownload[0m https://registry.npmjs.org/detect-libc/-/detect-libc-2.1.2.tgz
[0m[32mDownload[0m https://registry.npmjs.org/color/-/color-4.2.3.tgz
[0m[32mDownload[0m https://registry.npmjs.org/@img/sharp-libvips-linuxmusl-x64/-/sharp-libvips-linuxmusl-x64-1.0.1.tgz
[0m[32mDownload[0m https://registry.npmjs.org/@img/sharp-linux-x64/-/sharp-linux-x64-0.33.2.tgz
[0m[32mDownload[0m https://registry.npmjs.org/@img/sharp-libvips-linux-x64/-/sharp-libvips-linux-x64-1.0.1.tgz
[0m[32mDownload[0m https://registry.npmjs.org/@img/sharp-linuxmusl-x64/-/sharp-linuxmusl-x64-0.33.2.tgz
[0m[32mDownload[0m https://registry.npmjs.org/color-convert/-/color-convert-2.0.1.tgz
[0m[32mDownload[0m https://registry.npmjs.org/color-string/-/color-string-1.9.1.tgz
[0m[32mDownload[0m https://registry.npmjs.org/color-name/-/color-name-1.1.4.tgz
[0m[32mDownload[0m https://registry.npmjs.org/simple-swizzle/-/simple-swizzle-0.2.4.tgz
[0m[32mDownload[0m https://registry.npmjs.org/is-arrayish/-/is-arrayish-0.3.4.tgz
[0m[33m╭[0m [0m[1m[33mWarning[0m
[0m[33m│[0m
[0m[33m│[0m  Ignored build scripts for packages:
[0m[33m│[0m  [0m[3mnpm:sharp@0.33.2[0m
[0m[33m│[0m
[0m[33m│[0m  Lifecycle scripts are only supported when using a `node_modules` directory.
[0m[33m│[0m  Enable it in your deno config file:
[0m[33m│[0m  [0m[1m"nodeModulesDir": "auto"[0m
[0m[33m╰─[0m
Listening on http://0.0.0.0:8000/ (http://localhost:8000/)
